2023-01-23 11:35:48:3548 - [32minfo[39m: [32mApp rodando na porta 3000[39m
2023-01-23 11:37:22:3722 - [32minfo[39m: [32mConectado ao banco de dados[39m
2023-01-23 11:37:22:3722 - [32minfo[39m: [32mApp rodando na porta 3000[39m
2023-01-23 11:38:02:382 - [31merror[39m: [31mNão foi possível conectar ao banco de dados[39m
2023-01-23 11:38:02:382 - [31merror[39m: [31mErro Error: querySrv ENOTFOUND _mongodb._tcp.cluster0.vfdqmx.mongodb.net[39m
2023-01-23 11:38:02:382 - [32minfo[39m: [32mApp rodando na porta 3000[39m
2023-01-23 11:38:12:3812 - [32minfo[39m: [32mConectado ao banco de dados[39m
2023-01-23 11:38:12:3812 - [32minfo[39m: [32mApp rodando na porta 3000[39m
2023-01-23 11:39:15:3915 - [32minfo[39m: [32mConectado ao banco de dados[39m
2023-01-23 11:39:15:3915 - [32minfo[39m: [32mApp rodando na porta 3000[39m
2023-01-23 11:39:22:3922 - [31merror[39m: [31mNão foi possível conectar ao banco de dados[39m
2023-01-23 11:39:29:3929 - [32minfo[39m: [32mConectado ao banco de dados[39m
2023-01-23 11:39:29:3929 - [32minfo[39m: [32mApp rodando na porta 3000[39m
2023-01-24 10:50:49:5049 - [31merror[39m: [31mNão foi possível conectar ao banco de dados[39m
2023-01-24 10:52:43:5243 - [32minfo[39m: [32mConectado ao banco de dados[39m
2023-01-24 10:52:43:5243 - [32minfo[39m: [32mApp rodando na porta 3000[39m
2023-01-24 10:54:02:542 - [32minfo[39m: [32mConectado ao banco de dados[39m
2023-01-24 10:54:02:542 - [32minfo[39m: [32mApp rodando na porta 3000[39m
2023-01-24 10:54:54:5454 - [32minfo[39m: [32mConectado ao banco de dados[39m
2023-01-24 10:54:54:5454 - [32minfo[39m: [32mApp rodando na porta 3000[39m
2023-01-24 10:54:56:5456 - [35mhttp[39m: [35mGET /api/teste/ 200 17 - 3.489 ms[39m
[35m[39m
